<?xml version="1.0" encoding="UTF-8"?>
<testng-results ignored="0" total="1" passed="1" failed="0" skipped="0">
  <reporter-output>
  </reporter-output>
  <suite started-at="2024-02-21T21:14:48 EET" name="Default suite" finished-at="2024-02-21T21:14:48 EET" duration-ms="55">
    <groups>
    </groups>
    <test started-at="2024-02-21T21:14:48 EET" name="Default test" finished-at="2024-02-21T21:14:48 EET" duration-ms="55">
      <class name="defult.ps1">
        <test-method is-config="true" signature="before()[pri:0, instance:defult.ps1@38cee291]" started-at="2024-02-21T21:14:48 EET" name="before" finished-at="2024-02-21T21:14:48 EET" duration-ms="6" status="PASS">
          <reporter-output>
          </reporter-output>
        </test-method> <!-- before -->
        <test-method signature="runtest()[pri:0, instance:defult.ps1@38cee291]" started-at="2024-02-21T21:14:48 EET" name="runtest" finished-at="2024-02-21T21:14:48 EET" duration-ms="5" status="PASS">
          <reporter-output>
          </reporter-output>
        </test-method> <!-- runtest -->
      </class> <!-- defult.ps1 -->
    </test> <!-- Default test -->
  </suite> <!-- Default suite -->
</testng-results>
