<?xml version="1.0" encoding="UTF-8"?>
<testng-results ignored="0" total="1" passed="1" failed="0" skipped="0">
  <reporter-output>
  </reporter-output>
  <suite started-at="2024-02-03T14:46:32 EET" name="Default suite" finished-at="2024-02-03T14:46:32 EET" duration-ms="72">
    <groups>
    </groups>
    <test started-at="2024-02-03T14:46:32 EET" name="Default test" finished-at="2024-02-03T14:46:32 EET" duration-ms="72">
      <class name="selintroduction.javaStream1">
        <test-method signature="collect()[pri:0, instance:selintroduction.javaStream1@65c7a252]" started-at="2024-02-03T14:46:32 EET" name="collect" finished-at="2024-02-03T14:46:32 EET" duration-ms="14" status="PASS">
          <reporter-output>
          </reporter-output>
        </test-method> <!-- collect -->
      </class> <!-- selintroduction.javaStream1 -->
    </test> <!-- Default test -->
  </suite> <!-- Default suite -->
</testng-results>
